[2025-12-11 14:35:49] 🚀 Starting daily development commits - 4 commits
[2025-12-11 14:35:49] Creating commit #1...
[main fc648c3] docs: Update development log and system status
 1 file changed, 11 insertions(+), 2 deletions(-)
[2025-12-11 14:35:49] ✅ Commit #1 created successfully: docs: Update development log and system status
[2025-12-11 14:35:52] Creating commit #2...
[main fa4e276] refactor: Improve code quality and formatting
 1 file changed, 8 insertions(+), 10 deletions(-)
[2025-12-11 14:35:52] ✅ Commit #2 created successfully: refactor: Improve code quality and formatting
[2025-12-11 14:35:55] Creating commit #3...
[main 0ce9125] docs: Update project documentation
 1 file changed, 8 insertions(+), 8 deletions(-)
[2025-12-11 14:35:55] ✅ Commit #3 created successfully: docs: Update project documentation
[2025-12-11 14:35:58] Creating commit #4...
[main d2212df] perf: Optimize performance and monitoring
 1 file changed, 8 insertions(+), 8 deletions(-)
[2025-12-11 14:35:58] ✅ Commit #4 created successfully: perf: Optimize performance and monitoring
[2025-12-11 14:36:01] Pushing 4 commits to GitHub...
To https://github.com/UdonsiKalu/github-activity.git
   b3e584c..d2212df  main -> main
[2025-12-11 14:36:02] ✅ All commits pushed to GitHub successfully
[2025-12-11 14:36:02] ✅ Daily commits completed successfully
[2025-12-11 14:36:02] Daily development commits finished
Everything up-to-date
